<?xml version="1.0" encoding="UTF-8"?>
<!-- Generated by org.testng.reporters.JUnitXMLReporter -->
<testsuite ignored="0" hostname="Raz_Vardi" failures="5" tests="45" name="Test" time="2134.134" errors="0" timestamp="2022-06-20T16:06:03 IDT">
  <testcase classname="tests.LogOutTest" name="logOutTest" time="3.349">
    <failure type="org.openqa.selenium.ElementNotInteractableException" message="element not interactable
  (Session info: chrome=102.0.5005.115)
Build info: version: &amp;apos;4.1.4&amp;apos;, revision: &amp;apos;535d840ee2&amp;apos;
System info: host: &amp;apos;RAZ_VARDI&amp;apos;, ip: &amp;apos;192.168.1.19&amp;apos;, os.name: &amp;apos;Windows 11&amp;apos;, os.arch: &amp;apos;amd64&amp;apos;, os.version: &amp;apos;10.0&amp;apos;, java.version: &amp;apos;11.0.15&amp;apos;
Driver info: org.openqa.selenium.chrome.ChromeDriver
Command: [371a1ceb65d64338e099d6a0136133fe, clickElement {id=c7461188-5ab0-4263-be58-b640dd268f43}]
Capabilities {acceptInsecureCerts: false, browserName: chrome, browserVersion: 102.0.5005.115, chrome: {chromedriverVersion: 102.0.5005.61 (0e59bcc00cc4..., userDataDir: C:\Users\razva\AppData\Loca...}, goog:chromeOptions: {debuggerAddress: localhost:53420}, javascriptEnabled: true, networkConnectionEnabled: false, pageLoadStrategy: normal, platform: WINDOWS, platformName: WINDOWS, proxy: Proxy(), se:cdp: ws://localhost:53420/devtoo..., se:cdpVersion: 102.0.5005.115, setWindowRect: true, strictFileInteractability: false, timeouts: {implicit: 0, pageLoad: 300000, script: 30000}, unhandledPromptBehavior: dismiss and notify, webauthn:extension:credBlob: true, webauthn:extension:largeBlob: true, webauthn:virtualAuthenticators: true}
Element: [[ChromeDriver: chrome on WINDOWS (371a1ceb65d64338e099d6a0136133fe)] -&amp;gt; css selector: button.nav-right-menu__item]
Session ID: 371a1ceb65d64338e099d6a0136133fe">
      <![CDATA[org.openqa.selenium.ElementNotInteractableException: element not interactable
  (Session info: chrome=102.0.5005.115)
Build info: version: '4.1.4', revision: '535d840ee2'
System info: host: 'RAZ_VARDI', ip: '192.168.1.19', os.name: 'Windows 11', os.arch: 'amd64', os.version: '10.0', java.version: '11.0.15'
Driver info: org.openqa.selenium.chrome.ChromeDriver
Command: [371a1ceb65d64338e099d6a0136133fe, clickElement {id=c7461188-5ab0-4263-be58-b640dd268f43}]
Capabilities {acceptInsecureCerts: false, browserName: chrome, browserVersion: 102.0.5005.115, chrome: {chromedriverVersion: 102.0.5005.61 (0e59bcc00cc4..., userDataDir: C:\Users\razva\AppData\Loca...}, goog:chromeOptions: {debuggerAddress: localhost:53420}, javascriptEnabled: true, networkConnectionEnabled: false, pageLoadStrategy: normal, platform: WINDOWS, platformName: WINDOWS, proxy: Proxy(), se:cdp: ws://localhost:53420/devtoo..., se:cdpVersion: 102.0.5005.115, setWindowRect: true, strictFileInteractability: false, timeouts: {implicit: 0, pageLoad: 300000, script: 30000}, unhandledPromptBehavior: dismiss and notify, webauthn:extension:credBlob: true, webauthn:extension:largeBlob: true, webauthn:virtualAuthenticators: true}
Element: [[ChromeDriver: chrome on WINDOWS (371a1ceb65d64338e099d6a0136133fe)] -> css selector: button.nav-right-menu__item]
Session ID: 371a1ceb65d64338e099d6a0136133fe
at org.openqa.selenium.remote.codec.w3c.W3CHttpResponseCodec.createException(W3CHttpResponseCodec.java:200)
at org.openqa.selenium.remote.codec.w3c.W3CHttpResponseCodec.decode(W3CHttpResponseCodec.java:133)
at org.openqa.selenium.remote.codec.w3c.W3CHttpResponseCodec.decode(W3CHttpResponseCodec.java:53)
at org.openqa.selenium.remote.HttpCommandExecutor.execute(HttpCommandExecutor.java:184)
at org.openqa.selenium.remote.service.DriverCommandExecutor.invokeExecute(DriverCommandExecutor.java:167)
at org.openqa.selenium.remote.service.DriverCommandExecutor.execute(DriverCommandExecutor.java:142)
at org.openqa.selenium.remote.RemoteWebDriver.execute(RemoteWebDriver.java:567)
at org.openqa.selenium.remote.RemoteWebElement.execute(RemoteWebElement.java:251)
at org.openqa.selenium.remote.RemoteWebElement.click(RemoteWebElement.java:77)
at org.openqa.selenium.support.pagefactory.internal.LocatingElementHandler.invoke(LocatingElementHandler.java:52)
at com.sun.proxy.$Proxy18.click(Unknown Source)
at pageObjects.BasePage.click(BasePage.java:29)
at pageObjects.MainPage.logout(MainPage.java:114)
at tests.LogOutTest.logOutTest(LogOutTest.java:19)
at java.base/java.util.ArrayList.forEach(ArrayList.java:1541)
... Removed 39 stack frames]]>
    </failure>
  </testcase> <!-- logOutTest -->
  <testcase classname="tests.CreateNewFlexibleTripByFootballCategory" name="createNewFlexibleTripByFootballCategory" time="38.676"/>
  <testcase classname="tests.ChangeCurrencyTest" name="changeCurrencyToDollarTest" time="6.923"/>
  <testcase classname="tests.ChangeCurrencyTest" name="changeCurrencyToEuroTest" time="6.842"/>
  <testcase classname="tests.ChangeCurrencyTest" name="changeCurrencyToShekelTest" time="8.724"/>
  <testcase classname="tests.CreateNewFlexibleTripByCultureCategory" name="createNewFlexibleTripByCultureCategory" time="39.774"/>
  <testcase classname="tests.CreateNewFlexibleTripPresetDestTest" name="createNewFlexibleTripPresetDest" time="19.709">
    <failure type="org.openqa.selenium.ElementClickInterceptedException" message="element click intercepted: Element &amp;lt;button class=&amp;quot;btn-dark-blue btn&amp;quot; dir=&amp;quot;ltr&amp;quot; type=&amp;quot;button&amp;quot; title=&amp;quot;&amp;quot; style=&amp;quot;&amp;quot;&amp;gt;...&amp;lt;/button&amp;gt; is not clickable at point (841, 578). Other element would receive the click: &amp;lt;div class=&amp;quot;react-joyride__overlay&amp;quot; style=&amp;quot;cursor: pointer; height: 6502px; pointer-events: auto; inset: 0px; overflow: hidden; position: absolute; z-index: 1000; background-color: rgba(9, 14, 40, 0.4); mix-blend-mode: hard-light;&amp;quot;&amp;gt;...&amp;lt;/div&amp;gt;
  (Session info: chrome=102.0.5005.115)
Build info: version: &amp;apos;4.1.4&amp;apos;, revision: &amp;apos;535d840ee2&amp;apos;
System info: host: &amp;apos;RAZ_VARDI&amp;apos;, ip: &amp;apos;192.168.1.19&amp;apos;, os.name: &amp;apos;Windows 11&amp;apos;, os.arch: &amp;apos;amd64&amp;apos;, os.version: &amp;apos;10.0&amp;apos;, java.version: &amp;apos;11.0.15&amp;apos;
Driver info: org.openqa.selenium.chrome.ChromeDriver
Command: [caad7ea9e45dc162daca6f11bc6e603e, clickElement {id=2a7c75fd-d974-4728-8e8a-d6cdef666e5f}]
Capabilities {acceptInsecureCerts: false, browserName: chrome, browserVersion: 102.0.5005.115, chrome: {chromedriverVersion: 102.0.5005.61 (0e59bcc00cc4..., userDataDir: C:\Users\razva\AppData\Loca...}, goog:chromeOptions: {debuggerAddress: localhost:53677}, javascriptEnabled: true, networkConnectionEnabled: false, pageLoadStrategy: normal, platform: WINDOWS, platformName: WINDOWS, proxy: Proxy(), se:cdp: ws://localhost:53677/devtoo..., se:cdpVersion: 102.0.5005.115, setWindowRect: true, strictFileInteractability: false, timeouts: {implicit: 0, pageLoad: 300000, script: 30000}, unhandledPromptBehavior: dismiss and notify, webauthn:extension:credBlob: true, webauthn:extension:largeBlob: true, webauthn:virtualAuthenticators: true}
Element: [[ChromeDriver: chrome on WINDOWS (caad7ea9e45dc162daca6f11bc6e603e)] -&amp;gt; css selector: [class=&amp;apos;btn-dark-blue btn&amp;apos;]]
Session ID: caad7ea9e45dc162daca6f11bc6e603e">
      <![CDATA[org.openqa.selenium.ElementClickInterceptedException: element click intercepted: Element <button class="btn-dark-blue btn" dir="ltr" type="button" title="" style="">...</button> is not clickable at point (841, 578). Other element would receive the click: <div class="react-joyride__overlay" style="cursor: pointer; height: 6502px; pointer-events: auto; inset: 0px; overflow: hidden; position: absolute; z-index: 1000; background-color: rgba(9, 14, 40, 0.4); mix-blend-mode: hard-light;">...</div>
  (Session info: chrome=102.0.5005.115)
Build info: version: '4.1.4', revision: '535d840ee2'
System info: host: 'RAZ_VARDI', ip: '192.168.1.19', os.name: 'Windows 11', os.arch: 'amd64', os.version: '10.0', java.version: '11.0.15'
Driver info: org.openqa.selenium.chrome.ChromeDriver
Command: [caad7ea9e45dc162daca6f11bc6e603e, clickElement {id=2a7c75fd-d974-4728-8e8a-d6cdef666e5f}]
Capabilities {acceptInsecureCerts: false, browserName: chrome, browserVersion: 102.0.5005.115, chrome: {chromedriverVersion: 102.0.5005.61 (0e59bcc00cc4..., userDataDir: C:\Users\razva\AppData\Loca...}, goog:chromeOptions: {debuggerAddress: localhost:53677}, javascriptEnabled: true, networkConnectionEnabled: false, pageLoadStrategy: normal, platform: WINDOWS, platformName: WINDOWS, proxy: Proxy(), se:cdp: ws://localhost:53677/devtoo..., se:cdpVersion: 102.0.5005.115, setWindowRect: true, strictFileInteractability: false, timeouts: {implicit: 0, pageLoad: 300000, script: 30000}, unhandledPromptBehavior: dismiss and notify, webauthn:extension:credBlob: true, webauthn:extension:largeBlob: true, webauthn:virtualAuthenticators: true}
Element: [[ChromeDriver: chrome on WINDOWS (caad7ea9e45dc162daca6f11bc6e603e)] -> css selector: [class='btn-dark-blue btn']]
Session ID: caad7ea9e45dc162daca6f11bc6e603e
at org.openqa.selenium.remote.codec.w3c.W3CHttpResponseCodec.createException(W3CHttpResponseCodec.java:200)
at org.openqa.selenium.remote.codec.w3c.W3CHttpResponseCodec.decode(W3CHttpResponseCodec.java:133)
at org.openqa.selenium.remote.codec.w3c.W3CHttpResponseCodec.decode(W3CHttpResponseCodec.java:53)
at org.openqa.selenium.remote.HttpCommandExecutor.execute(HttpCommandExecutor.java:184)
at org.openqa.selenium.remote.service.DriverCommandExecutor.invokeExecute(DriverCommandExecutor.java:167)
at org.openqa.selenium.remote.service.DriverCommandExecutor.execute(DriverCommandExecutor.java:142)
at org.openqa.selenium.remote.RemoteWebDriver.execute(RemoteWebDriver.java:567)
at org.openqa.selenium.remote.RemoteWebElement.execute(RemoteWebElement.java:251)
at org.openqa.selenium.remote.RemoteWebElement.click(RemoteWebElement.java:77)
at org.openqa.selenium.support.pagefactory.internal.LocatingElementHandler.invoke(LocatingElementHandler.java:52)
at com.sun.proxy.$Proxy18.click(Unknown Source)
at pageObjects.BasePage.click(BasePage.java:29)
at pageObjects.MainPage.createNewFlexibleTripPresetDest(MainPage.java:366)
at tests.CreateNewFlexibleTripPresetDestTest.createNewFlexibleTripPresetDest(CreateNewFlexibleTripPresetDestTest.java:22)
at java.base/java.util.ArrayList.forEach(ArrayList.java:1541)
... Removed 38 stack frames]]>
    </failure>
  </testcase> <!-- createNewFlexibleTripPresetDest -->
  <testcase classname="tests.LoginTest" name="loginFailedTest" time="10.793"/>
  <testcase classname="tests.LoginTest" name="loginSucceedTest" time="12.766"/>
  <testcase classname="tests.DeleteMyTrip" name="deleteMyTrip" time="12.232">
    <failure type="java.lang.AssertionError" message="expected [true] but found [false]">
      <![CDATA[java.lang.AssertionError: expected [true] but found [false]
at tests.DeleteMyTrip.deleteMyTrip(DeleteMyTrip.java:26)
at java.base/java.util.ArrayList.forEach(ArrayList.java:1541)
... Removed 35 stack frames]]>
    </failure>
  </testcase> <!-- deleteMyTrip -->
  <testcase classname="tests.CreateNewFlexibleTripByBarMitzvahCategory" name="createNewFlexibleTripByBarMitzvahCategory" time="30.272"/>
  <testcase classname="tests.CreateNewFlexibleTripByMusicCategory" name="createNewFlexibleTripByMusicCategory" time="32.226"/>
  <testcase classname="tests.CreateNewFlexibleTripByBasketballCategory" name="createNewFlexibleTripByBasketballCategory" time="38.541"/>
  <testcase classname="tests.CreateNewFlexibleTripByCyclingCategory" name="createNewFlexibleTripByCyclingCategory" time="38.589"/>
  <testcase classname="tests.CreateNewFlexibleTripByHoneymoonCategory" name="createNewFlexibleTripByHoneymoonCategory" time="54.874"/>
  <testcase classname="tests.CreateNewFlexibleTripByAnniversaryCategory" name="createNewFlexibleTripByAnniversaryCategory" time="43.14">
    <failure type="org.openqa.selenium.StaleElementReferenceException" message="stale element reference: element is not attached to the page document
  (Session info: chrome=102.0.5005.115)
For documentation on this error, please visit: https://selenium.dev/exceptions/#stale_element_reference
Build info: version: &amp;apos;4.1.4&amp;apos;, revision: &amp;apos;535d840ee2&amp;apos;
System info: host: &amp;apos;RAZ_VARDI&amp;apos;, ip: &amp;apos;192.168.1.19&amp;apos;, os.name: &amp;apos;Windows 11&amp;apos;, os.arch: &amp;apos;amd64&amp;apos;, os.version: &amp;apos;10.0&amp;apos;, java.version: &amp;apos;11.0.15&amp;apos;
Driver info: org.openqa.selenium.chrome.ChromeDriver
Command: [4239458a0156f0c92cfc0c0bf1e3f591, clickElement {id=3b506797-f239-41e2-86ac-ef68e37935b6}]
Capabilities {acceptInsecureCerts: false, browserName: chrome, browserVersion: 102.0.5005.115, chrome: {chromedriverVersion: 102.0.5005.61 (0e59bcc00cc4..., userDataDir: C:\Users\razva\AppData\Loca...}, goog:chromeOptions: {debuggerAddress: localhost:54346}, javascriptEnabled: true, networkConnectionEnabled: false, pageLoadStrategy: normal, platform: WINDOWS, platformName: WINDOWS, proxy: Proxy(), se:cdp: ws://localhost:54346/devtoo..., se:cdpVersion: 102.0.5005.115, setWindowRect: true, strictFileInteractability: false, timeouts: {implicit: 0, pageLoad: 300000, script: 30000}, unhandledPromptBehavior: dismiss and notify, webauthn:extension:credBlob: true, webauthn:extension:largeBlob: true, webauthn:virtualAuthenticators: true}
Element: [[ChromeDriver: chrome on WINDOWS (4239458a0156f0c92cfc0c0bf1e3f591)] -&amp;gt; css selector: [class=&amp;apos;app-header__logo&amp;apos;]]
Session ID: 4239458a0156f0c92cfc0c0bf1e3f591">
      <![CDATA[org.openqa.selenium.StaleElementReferenceException: stale element reference: element is not attached to the page document
  (Session info: chrome=102.0.5005.115)
For documentation on this error, please visit: https://selenium.dev/exceptions/#stale_element_reference
Build info: version: '4.1.4', revision: '535d840ee2'
System info: host: 'RAZ_VARDI', ip: '192.168.1.19', os.name: 'Windows 11', os.arch: 'amd64', os.version: '10.0', java.version: '11.0.15'
Driver info: org.openqa.selenium.chrome.ChromeDriver
Command: [4239458a0156f0c92cfc0c0bf1e3f591, clickElement {id=3b506797-f239-41e2-86ac-ef68e37935b6}]
Capabilities {acceptInsecureCerts: false, browserName: chrome, browserVersion: 102.0.5005.115, chrome: {chromedriverVersion: 102.0.5005.61 (0e59bcc00cc4..., userDataDir: C:\Users\razva\AppData\Loca...}, goog:chromeOptions: {debuggerAddress: localhost:54346}, javascriptEnabled: true, networkConnectionEnabled: false, pageLoadStrategy: normal, platform: WINDOWS, platformName: WINDOWS, proxy: Proxy(), se:cdp: ws://localhost:54346/devtoo..., se:cdpVersion: 102.0.5005.115, setWindowRect: true, strictFileInteractability: false, timeouts: {implicit: 0, pageLoad: 300000, script: 30000}, unhandledPromptBehavior: dismiss and notify, webauthn:extension:credBlob: true, webauthn:extension:largeBlob: true, webauthn:virtualAuthenticators: true}
Element: [[ChromeDriver: chrome on WINDOWS (4239458a0156f0c92cfc0c0bf1e3f591)] -> css selector: [class='app-header__logo']]
Session ID: 4239458a0156f0c92cfc0c0bf1e3f591
at org.openqa.selenium.remote.codec.w3c.W3CHttpResponseCodec.createException(W3CHttpResponseCodec.java:200)
at org.openqa.selenium.remote.codec.w3c.W3CHttpResponseCodec.decode(W3CHttpResponseCodec.java:133)
at org.openqa.selenium.remote.codec.w3c.W3CHttpResponseCodec.decode(W3CHttpResponseCodec.java:53)
at org.openqa.selenium.remote.HttpCommandExecutor.execute(HttpCommandExecutor.java:184)
at org.openqa.selenium.remote.service.DriverCommandExecutor.invokeExecute(DriverCommandExecutor.java:167)
at org.openqa.selenium.remote.service.DriverCommandExecutor.execute(DriverCommandExecutor.java:142)
at org.openqa.selenium.remote.RemoteWebDriver.execute(RemoteWebDriver.java:567)
at org.openqa.selenium.remote.RemoteWebElement.execute(RemoteWebElement.java:251)
at org.openqa.selenium.remote.RemoteWebElement.click(RemoteWebElement.java:77)
at org.openqa.selenium.support.pagefactory.internal.LocatingElementHandler.invoke(LocatingElementHandler.java:52)
at com.sun.proxy.$Proxy18.click(Unknown Source)
at pageObjects.BasePage.click(BasePage.java:29)
at pageObjects.MainPage.createNewFlexibleRomanticTripByCategory(MainPage.java:497)
at tests.CreateNewFlexibleTripByAnniversaryCategory.createNewFlexibleTripByAnniversaryCategory(CreateNewFlexibleTripByAnniversaryCategory.java:21)
at java.base/java.util.ArrayList.forEach(ArrayList.java:1541)
... Removed 38 stack frames]]>
    </failure>
  </testcase> <!-- createNewFlexibleTripByAnniversaryCategory -->
  <testcase classname="tests.CreateNewFlexibleTripByRecreationCategory" name="createNewFlexibleTripByRecreationCategory" time="37.497"/>
  <testcase classname="tests.CreateNewFlexibleTripByMountainsAndForestsCategory" name="createNewFlexibleTripByMountainsAndForestsCategory" time="36.061"/>
  <testcase classname="tests.CreateNewFlexibleFamilyTrip" name="createNewFlexibleFamilyTrip" time="59.519"/>
  <testcase classname="tests.CreateNewFlexibleTripByRunningCategory" name="createNewFlexibleTripByRunningCategory" time="32.246"/>
  <testcase classname="tests.CreateNewFlexibleTripByThemeParksCategory" name="createNewFlexibleTripByThemeParksCategory" time="31.022"/>
  <testcase classname="tests.CreateNewFlexibleNatureTrip" name="createNewFlexibleNatureTrip" time="49.807"/>
  <testcase classname="tests.CreateNewFlexibleTripByIslandsAndBeachesCategory" name="createNewFlexibleTripByIslandsAndBeachesCategory" time="35.957"/>
  <testcase classname="tests.CreateNewFlexibleRomanticTrip" name="createNewFlexibleRomanticTrip" time="55.451"/>
  <testcase classname="tests.CreateNewFlexibleThemeTrip" name="createNewFlexibleThemeTrip" time="63.601"/>
  <testcase classname="tests.OpenLinksTest" name="tc1_openDestinationsTest" time="1.267"/>
  <testcase classname="tests.OpenLinksTest" name="tc2_openmMyTripsTest" time="7.155"/>
  <testcase classname="tests.OpenLinksTest" name="tc3_openCovidAssistTest" time="6.329"/>
  <testcase classname="tests.OpenLinksTest" name="tc4_openServiceHotelTest" time="7.599"/>
  <testcase classname="tests.OpenLinksTest" name="tc5_openServiceFlightsTest" time="7.597"/>
  <testcase classname="tests.OpenLinksTest" name="tc6_openServiceExperiencesTest" time="7.8"/>
  <testcase classname="tests.OpenLinksTest" name="tc7_openServiceInsuranceTest" time="8.641"/>
  <testcase classname="tests.OpenLinksTest" name="tc8_openServiceCarRentalTest" time="8.593"/>
  <testcase classname="tests.CreateNewFlexibleTripTest" name="createNewFlexibleTrip" time="32.398">
    <failure type="org.openqa.selenium.ElementClickInterceptedException" message="element click intercepted: Element &amp;lt;button class=&amp;quot;btn-dark-blue btn&amp;quot; dir=&amp;quot;ltr&amp;quot; type=&amp;quot;button&amp;quot; title=&amp;quot;&amp;quot; style=&amp;quot;&amp;quot;&amp;gt;...&amp;lt;/button&amp;gt; is not clickable at point (841, 578). Other element would receive the click: &amp;lt;div class=&amp;quot;react-joyride__overlay&amp;quot; style=&amp;quot;cursor: pointer; height: 6360px; pointer-events: auto; inset: 0px; overflow: hidden; position: absolute; z-index: 1000; background-color: rgba(9, 14, 40, 0.4); mix-blend-mode: hard-light;&amp;quot;&amp;gt;...&amp;lt;/div&amp;gt;
  (Session info: chrome=102.0.5005.115)
Build info: version: &amp;apos;4.1.4&amp;apos;, revision: &amp;apos;535d840ee2&amp;apos;
System info: host: &amp;apos;RAZ_VARDI&amp;apos;, ip: &amp;apos;192.168.1.19&amp;apos;, os.name: &amp;apos;Windows 11&amp;apos;, os.arch: &amp;apos;amd64&amp;apos;, os.version: &amp;apos;10.0&amp;apos;, java.version: &amp;apos;11.0.15&amp;apos;
Driver info: org.openqa.selenium.chrome.ChromeDriver
Command: [ce499b59abc86af093da18b3701b9816, clickElement {id=fac83194-215f-4a3a-82cf-27aad2014130}]
Capabilities {acceptInsecureCerts: false, browserName: chrome, browserVersion: 102.0.5005.115, chrome: {chromedriverVersion: 102.0.5005.61 (0e59bcc00cc4..., userDataDir: C:\Users\razva\AppData\Loca...}, goog:chromeOptions: {debuggerAddress: localhost:55377}, javascriptEnabled: true, networkConnectionEnabled: false, pageLoadStrategy: normal, platform: WINDOWS, platformName: WINDOWS, proxy: Proxy(), se:cdp: ws://localhost:55377/devtoo..., se:cdpVersion: 102.0.5005.115, setWindowRect: true, strictFileInteractability: false, timeouts: {implicit: 0, pageLoad: 300000, script: 30000}, unhandledPromptBehavior: dismiss and notify, webauthn:extension:credBlob: true, webauthn:extension:largeBlob: true, webauthn:virtualAuthenticators: true}
Element: [[ChromeDriver: chrome on WINDOWS (ce499b59abc86af093da18b3701b9816)] -&amp;gt; css selector: [class=&amp;apos;btn-dark-blue btn&amp;apos;]]
Session ID: ce499b59abc86af093da18b3701b9816">
      <![CDATA[org.openqa.selenium.ElementClickInterceptedException: element click intercepted: Element <button class="btn-dark-blue btn" dir="ltr" type="button" title="" style="">...</button> is not clickable at point (841, 578). Other element would receive the click: <div class="react-joyride__overlay" style="cursor: pointer; height: 6360px; pointer-events: auto; inset: 0px; overflow: hidden; position: absolute; z-index: 1000; background-color: rgba(9, 14, 40, 0.4); mix-blend-mode: hard-light;">...</div>
  (Session info: chrome=102.0.5005.115)
Build info: version: '4.1.4', revision: '535d840ee2'
System info: host: 'RAZ_VARDI', ip: '192.168.1.19', os.name: 'Windows 11', os.arch: 'amd64', os.version: '10.0', java.version: '11.0.15'
Driver info: org.openqa.selenium.chrome.ChromeDriver
Command: [ce499b59abc86af093da18b3701b9816, clickElement {id=fac83194-215f-4a3a-82cf-27aad2014130}]
Capabilities {acceptInsecureCerts: false, browserName: chrome, browserVersion: 102.0.5005.115, chrome: {chromedriverVersion: 102.0.5005.61 (0e59bcc00cc4..., userDataDir: C:\Users\razva\AppData\Loca...}, goog:chromeOptions: {debuggerAddress: localhost:55377}, javascriptEnabled: true, networkConnectionEnabled: false, pageLoadStrategy: normal, platform: WINDOWS, platformName: WINDOWS, proxy: Proxy(), se:cdp: ws://localhost:55377/devtoo..., se:cdpVersion: 102.0.5005.115, setWindowRect: true, strictFileInteractability: false, timeouts: {implicit: 0, pageLoad: 300000, script: 30000}, unhandledPromptBehavior: dismiss and notify, webauthn:extension:credBlob: true, webauthn:extension:largeBlob: true, webauthn:virtualAuthenticators: true}
Element: [[ChromeDriver: chrome on WINDOWS (ce499b59abc86af093da18b3701b9816)] -> css selector: [class='btn-dark-blue btn']]
Session ID: ce499b59abc86af093da18b3701b9816
at org.openqa.selenium.remote.codec.w3c.W3CHttpResponseCodec.createException(W3CHttpResponseCodec.java:200)
at org.openqa.selenium.remote.codec.w3c.W3CHttpResponseCodec.decode(W3CHttpResponseCodec.java:133)
at org.openqa.selenium.remote.codec.w3c.W3CHttpResponseCodec.decode(W3CHttpResponseCodec.java:53)
at org.openqa.selenium.remote.HttpCommandExecutor.execute(HttpCommandExecutor.java:184)
at org.openqa.selenium.remote.service.DriverCommandExecutor.invokeExecute(DriverCommandExecutor.java:167)
at org.openqa.selenium.remote.service.DriverCommandExecutor.execute(DriverCommandExecutor.java:142)
at org.openqa.selenium.remote.RemoteWebDriver.execute(RemoteWebDriver.java:567)
at org.openqa.selenium.remote.RemoteWebElement.execute(RemoteWebElement.java:251)
at org.openqa.selenium.remote.RemoteWebElement.click(RemoteWebElement.java:77)
at org.openqa.selenium.support.pagefactory.internal.LocatingElementHandler.invoke(LocatingElementHandler.java:52)
at com.sun.proxy.$Proxy18.click(Unknown Source)
at pageObjects.BasePage.click(BasePage.java:29)
at pageObjects.MainPage.createNewFlexibleTrip(MainPage.java:343)
at tests.CreateNewFlexibleTripTest.createNewFlexibleTrip(CreateNewFlexibleTripTest.java:21)
at java.base/java.util.ArrayList.forEach(ArrayList.java:1541)
... Removed 38 stack frames]]>
    </failure>
  </testcase> <!-- createNewFlexibleTrip -->
  <testcase classname="tests.CreateNewFlexibleTripByVacationCategory" name="createNewFlexibleTripByVacationCategory" time="68.844"/>
  <testcase classname="tests.CreateNewFlexibleTripByWineAndGastronomyCategory" name="createNewFlexibleTripByWineAndGastronomyCategory" time="50.468"/>
  <testcase classname="tests.CreateNewFlexibleTripByExtendedFamilyCategory" name="createNewFlexibleTripByExtendedFamilyCategory" time="71.171"/>
  <testcase classname="tests.CreateNewFlexibleBusinessTrip" name="createNewFlexibleBusinessTrip" time="44.4"/>
  <testcase classname="tests.CreateTripByDestinationOnlyTest" name="createTripByDestinationOnly" time="39.574"/>
  <testcase classname="tests.CreateNewFlexibleSportTrip" name="createNewFlexibleSportTrip" time="31.902"/>
  <testcase classname="tests.CreateNewFlexibleTripByLeisureCategory" name="createNewFlexibleTripByLeisureCategory" time="38.69"/>
  <testcase classname="tests.OpenExistingTrip" name="openExistingTrip" time="12.478"/>
  <testcase classname="tests.CreateNewFlexibleTripByTennisCategory" name="createNewFlexibleTripByTennisCategory" time="38.453"/>
  <testcase classname="tests.CreateNewFlexibleTripByAnnualCategory" name="createNewFlexibleTripByAnnualCategory" time="38.713"/>
  <testcase classname="tests.CreateNewFlexibleTripByBirthdayCategory" name="createNewFlexibleTripByBirthdayCategory" time="68.714"/>
</testsuite> <!-- Test -->
