<?xml version="1.0" encoding="UTF-8"?>
<!-- Generated by org.testng.reporters.JUnitXMLReporter -->
<testsuite ignored="0" hostname="Raz_Vardi" failures="6" tests="45" name="Test" time="1879.367" errors="0" timestamp="2022-06-13T16:45:00 IDT">
  <testcase classname="tests.LogOutTest" name="logOutTest" time="9.519"/>
  <testcase classname="tests.CreateNewFlexibleTripByFootballCategory" name="createNewFlexibleTripByFootballCategory" time="9.643">
    <failure type="org.openqa.selenium.WebDriverException" message="unknown error: cannot determine loading status
from target frame detached
  (Session info: chrome=102.0.5005.63)
Build info: version: &amp;apos;4.1.4&amp;apos;, revision: &amp;apos;535d840ee2&amp;apos;
System info: host: &amp;apos;RAZ_VARDI&amp;apos;, ip: &amp;apos;192.168.1.19&amp;apos;, os.name: &amp;apos;Windows 11&amp;apos;, os.arch: &amp;apos;amd64&amp;apos;, os.version: &amp;apos;10.0&amp;apos;, java.version: &amp;apos;17.0.2&amp;apos;
Driver info: org.openqa.selenium.chrome.ChromeDriver
Command: [139abf1d2fbbea13fb3279884aa36bb7, executeScript {script=var tmpArguments = arguments;setTimeout(function () {tmpArguments[0].setAttribute(&amp;apos;style&amp;apos;, &amp;apos;&amp;apos;);},400);, args=[{ELEMENT=2424a15b-07b9-46b0-8714-b42c30be246b, element-6066-11e4-a52e-4f735466cecf=2424a15b-07b9-46b0-8714-b42c30be246b}]}]
Capabilities {acceptInsecureCerts: false, browserName: chrome, browserVersion: 102.0.5005.63, chrome: {chromedriverVersion: 102.0.5005.61 (0e59bcc00cc4..., userDataDir: C:\Users\RAZVAR~1\AppData\L...}, goog:chromeOptions: {debuggerAddress: localhost:59030}, javascriptEnabled: true, networkConnectionEnabled: false, pageLoadStrategy: normal, platform: WINDOWS, platformName: WINDOWS, proxy: Proxy(), se:cdp: ws://localhost:59030/devtoo..., se:cdpVersion: 102.0.5005.63, setWindowRect: true, strictFileInteractability: false, timeouts: {implicit: 0, pageLoad: 300000, script: 30000}, unhandledPromptBehavior: dismiss and notify, webauthn:extension:credBlob: true, webauthn:extension:largeBlob: true, webauthn:virtualAuthenticators: true}
Session ID: 139abf1d2fbbea13fb3279884aa36bb7">
      <![CDATA[org.openqa.selenium.WebDriverException: unknown error: cannot determine loading status
from target frame detached
  (Session info: chrome=102.0.5005.63)
Build info: version: '4.1.4', revision: '535d840ee2'
System info: host: 'RAZ_VARDI', ip: '192.168.1.19', os.name: 'Windows 11', os.arch: 'amd64', os.version: '10.0', java.version: '17.0.2'
Driver info: org.openqa.selenium.chrome.ChromeDriver
Command: [139abf1d2fbbea13fb3279884aa36bb7, executeScript {script=var tmpArguments = arguments;setTimeout(function () {tmpArguments[0].setAttribute('style', '');},400);, args=[{ELEMENT=2424a15b-07b9-46b0-8714-b42c30be246b, element-6066-11e4-a52e-4f735466cecf=2424a15b-07b9-46b0-8714-b42c30be246b}]}]
Capabilities {acceptInsecureCerts: false, browserName: chrome, browserVersion: 102.0.5005.63, chrome: {chromedriverVersion: 102.0.5005.61 (0e59bcc00cc4..., userDataDir: C:\Users\RAZVAR~1\AppData\L...}, goog:chromeOptions: {debuggerAddress: localhost:59030}, javascriptEnabled: true, networkConnectionEnabled: false, pageLoadStrategy: normal, platform: WINDOWS, platformName: WINDOWS, proxy: Proxy(), se:cdp: ws://localhost:59030/devtoo..., se:cdpVersion: 102.0.5005.63, setWindowRect: true, strictFileInteractability: false, timeouts: {implicit: 0, pageLoad: 300000, script: 30000}, unhandledPromptBehavior: dismiss and notify, webauthn:extension:credBlob: true, webauthn:extension:largeBlob: true, webauthn:virtualAuthenticators: true}
Session ID: 139abf1d2fbbea13fb3279884aa36bb7
at org.openqa.selenium.remote.codec.w3c.W3CHttpResponseCodec.createException(W3CHttpResponseCodec.java:200)
at org.openqa.selenium.remote.codec.w3c.W3CHttpResponseCodec.decode(W3CHttpResponseCodec.java:133)
at org.openqa.selenium.remote.codec.w3c.W3CHttpResponseCodec.decode(W3CHttpResponseCodec.java:53)
at org.openqa.selenium.remote.HttpCommandExecutor.execute(HttpCommandExecutor.java:184)
at org.openqa.selenium.remote.service.DriverCommandExecutor.invokeExecute(DriverCommandExecutor.java:167)
at org.openqa.selenium.remote.service.DriverCommandExecutor.execute(DriverCommandExecutor.java:142)
at org.openqa.selenium.remote.RemoteWebDriver.execute(RemoteWebDriver.java:567)
at org.openqa.selenium.remote.RemoteWebDriver.executeScript(RemoteWebDriver.java:501)
at pageObjects.BasePage.highlightElement(BasePage.java:60)
at pageObjects.BasePage.getText(BasePage.java:35)
at pageObjects.InspirePage.clickBySportSubCategory(InspirePage.java:96)
at pageObjects.MainPage.createNewFlexibleSportTripByCategory(MainPage.java:395)
at tests.CreateNewFlexibleTripByFootballCategory.createNewFlexibleTripByFootballCategory(CreateNewFlexibleTripByFootballCategory.java:11)
at java.base/java.util.ArrayList.forEach(ArrayList.java:1511)
... Removed 36 stack frames]]>
    </failure>
  </testcase> <!-- createNewFlexibleTripByFootballCategory -->
  <testcase classname="tests.CreateNewFlexibleTripByCultureCategory" name="createNewFlexibleTripByCultureCategory" time="10.001">
    <failure type="org.openqa.selenium.WebDriverException" message="unknown error: cannot determine loading status
from target frame detached
  (Session info: chrome=102.0.5005.63)
Build info: version: &amp;apos;4.1.4&amp;apos;, revision: &amp;apos;535d840ee2&amp;apos;
System info: host: &amp;apos;RAZ_VARDI&amp;apos;, ip: &amp;apos;192.168.1.19&amp;apos;, os.name: &amp;apos;Windows 11&amp;apos;, os.arch: &amp;apos;amd64&amp;apos;, os.version: &amp;apos;10.0&amp;apos;, java.version: &amp;apos;17.0.2&amp;apos;
Driver info: org.openqa.selenium.chrome.ChromeDriver
Command: [f80c58071e24587085af22f4601c3c7f, getElementAttribute {id=46f7341e-8d57-4f34-8df1-86b76892afcf, name=style}]
Capabilities {acceptInsecureCerts: false, browserName: chrome, browserVersion: 102.0.5005.63, chrome: {chromedriverVersion: 102.0.5005.61 (0e59bcc00cc4..., userDataDir: C:\Users\RAZVAR~1\AppData\L...}, goog:chromeOptions: {debuggerAddress: localhost:59094}, javascriptEnabled: true, networkConnectionEnabled: false, pageLoadStrategy: normal, platform: WINDOWS, platformName: WINDOWS, proxy: Proxy(), se:cdp: ws://localhost:59094/devtoo..., se:cdpVersion: 102.0.5005.63, setWindowRect: true, strictFileInteractability: false, timeouts: {implicit: 0, pageLoad: 300000, script: 30000}, unhandledPromptBehavior: dismiss and notify, webauthn:extension:credBlob: true, webauthn:extension:largeBlob: true, webauthn:virtualAuthenticators: true}
Element: [[ChromeDriver: chrome on WINDOWS (f80c58071e24587085af22f4601c3c7f)] -&amp;gt; css selector: .d-block.text-truncate]
Session ID: f80c58071e24587085af22f4601c3c7f">
      <![CDATA[org.openqa.selenium.WebDriverException: unknown error: cannot determine loading status
from target frame detached
  (Session info: chrome=102.0.5005.63)
Build info: version: '4.1.4', revision: '535d840ee2'
System info: host: 'RAZ_VARDI', ip: '192.168.1.19', os.name: 'Windows 11', os.arch: 'amd64', os.version: '10.0', java.version: '17.0.2'
Driver info: org.openqa.selenium.chrome.ChromeDriver
Command: [f80c58071e24587085af22f4601c3c7f, getElementAttribute {id=46f7341e-8d57-4f34-8df1-86b76892afcf, name=style}]
Capabilities {acceptInsecureCerts: false, browserName: chrome, browserVersion: 102.0.5005.63, chrome: {chromedriverVersion: 102.0.5005.61 (0e59bcc00cc4..., userDataDir: C:\Users\RAZVAR~1\AppData\L...}, goog:chromeOptions: {debuggerAddress: localhost:59094}, javascriptEnabled: true, networkConnectionEnabled: false, pageLoadStrategy: normal, platform: WINDOWS, platformName: WINDOWS, proxy: Proxy(), se:cdp: ws://localhost:59094/devtoo..., se:cdpVersion: 102.0.5005.63, setWindowRect: true, strictFileInteractability: false, timeouts: {implicit: 0, pageLoad: 300000, script: 30000}, unhandledPromptBehavior: dismiss and notify, webauthn:extension:credBlob: true, webauthn:extension:largeBlob: true, webauthn:virtualAuthenticators: true}
Element: [[ChromeDriver: chrome on WINDOWS (f80c58071e24587085af22f4601c3c7f)] -> css selector: .d-block.text-truncate]
Session ID: f80c58071e24587085af22f4601c3c7f
at org.openqa.selenium.remote.codec.w3c.W3CHttpResponseCodec.createException(W3CHttpResponseCodec.java:200)
at org.openqa.selenium.remote.codec.w3c.W3CHttpResponseCodec.decode(W3CHttpResponseCodec.java:133)
at org.openqa.selenium.remote.codec.w3c.W3CHttpResponseCodec.decode(W3CHttpResponseCodec.java:53)
at org.openqa.selenium.remote.HttpCommandExecutor.execute(HttpCommandExecutor.java:184)
at org.openqa.selenium.remote.service.DriverCommandExecutor.invokeExecute(DriverCommandExecutor.java:167)
at org.openqa.selenium.remote.service.DriverCommandExecutor.execute(DriverCommandExecutor.java:142)
at org.openqa.selenium.remote.RemoteWebDriver.execute(RemoteWebDriver.java:567)
at org.openqa.selenium.remote.RemoteWebElement.execute(RemoteWebElement.java:251)
at org.openqa.selenium.remote.RemoteWebElement.getAttribute(RemoteWebElement.java:152)
at pageObjects.BasePage.highlightElement(BasePage.java:51)
at pageObjects.BasePage.getText(BasePage.java:35)
at pageObjects.InspirePage.clickByThemeSubCategory(InspirePage.java:163)
at pageObjects.MainPage.createNewFlexibleThemeTripByCategory(MainPage.java:468)
at tests.CreateNewFlexibleTripByCultureCategory.createNewFlexibleTripByCultureCategory(CreateNewFlexibleTripByCultureCategory.java:11)
at java.base/java.util.ArrayList.forEach(ArrayList.java:1511)
... Removed 36 stack frames]]>
    </failure>
  </testcase> <!-- createNewFlexibleTripByCultureCategory -->
  <testcase classname="tests.ChangeCurrencyTest" name="changeCurrencyToDollarTest" time="6.788"/>
  <testcase classname="tests.ChangeCurrencyTest" name="changeCurrencyToEuroTest" time="6.676"/>
  <testcase classname="tests.ChangeCurrencyTest" name="changeCurrencyToShekelTest" time="8.736"/>
  <testcase classname="tests.CreateNewFlexibleTripPresetDestTest" name="createNewFlexibleTripPresetDest" time="30.755"/>
  <testcase classname="tests.LoginTest" name="loginFailedTest" time="10.739"/>
  <testcase classname="tests.LoginTest" name="loginSucceedTest" time="12.631"/>
  <testcase classname="tests.DeleteMyTrip" name="deleteMyTrip" time="13.685"/>
  <testcase classname="tests.CreateNewFlexibleTripByBarMitzvahCategory" name="createNewFlexibleTripByBarMitzvahCategory" time="5.164">
    <failure type="java.lang.IndexOutOfBoundsException" message="Index 1 out of bounds for length 0">
      <![CDATA[java.lang.IndexOutOfBoundsException: Index 1 out of bounds for length 0
at java.base/jdk.internal.util.Preconditions.outOfBounds(Preconditions.java:64)
at java.base/jdk.internal.util.Preconditions.outOfBoundsCheckIndex(Preconditions.java:70)
at java.base/jdk.internal.util.Preconditions.checkIndex(Preconditions.java:266)
at java.base/java.util.Objects.checkIndex(Objects.java:359)
at java.base/java.util.ArrayList.get(ArrayList.java:427)
at org.openqa.selenium.support.pagefactory.internal.LocatingElementListHandler.invoke(LocatingElementListHandler.java:40)
at jdk.proxy2/jdk.proxy2.$Proxy14.get(Unknown Source)
at pageObjects.PlanPage.inspireMe(PlanPage.java:26)
at pageObjects.MainPage.createNewFlexibleFamilyTripByCategory(MainPage.java:499)
at tests.CreateNewFlexibleTripByBarMitzvahCategory.createNewFlexibleTripByBarMitzvahCategory(CreateNewFlexibleTripByBarMitzvahCategory.java:11)
at java.base/java.util.ArrayList.forEach(ArrayList.java:1511)
... Removed 34 stack frames]]>
    </failure>
  </testcase> <!-- createNewFlexibleTripByBarMitzvahCategory -->
  <testcase classname="tests.CreateNewFlexibleTripByMusicCategory" name="createNewFlexibleTripByMusicCategory" time="31.947"/>
  <testcase classname="tests.CreateNewFlexibleTripByBasketballCategory" name="createNewFlexibleTripByBasketballCategory" time="38.069"/>
  <testcase classname="tests.CreateNewFlexibleTripByCyclingCategory" name="createNewFlexibleTripByCyclingCategory" time="38.224"/>
  <testcase classname="tests.CreateNewFlexibleTripByHoneymoonCategory" name="createNewFlexibleTripByHoneymoonCategory" time="54.352"/>
  <testcase classname="tests.CreateNewFlexibleTripByAnniversaryCategory" name="createNewFlexibleTripByAnniversaryCategory" time="44.627"/>
  <testcase classname="tests.CreateNewFlexibleTripByRecreationCategory" name="createNewFlexibleTripByRecreationCategory" time="5.119">
    <failure type="java.lang.IndexOutOfBoundsException" message="Index 1 out of bounds for length 0">
      <![CDATA[java.lang.IndexOutOfBoundsException: Index 1 out of bounds for length 0
at java.base/jdk.internal.util.Preconditions.outOfBounds(Preconditions.java:64)
at java.base/jdk.internal.util.Preconditions.outOfBoundsCheckIndex(Preconditions.java:70)
at java.base/jdk.internal.util.Preconditions.checkIndex(Preconditions.java:266)
at java.base/java.util.Objects.checkIndex(Objects.java:359)
at java.base/java.util.ArrayList.get(ArrayList.java:427)
at org.openqa.selenium.support.pagefactory.internal.LocatingElementListHandler.invoke(LocatingElementListHandler.java:40)
at jdk.proxy2/jdk.proxy2.$Proxy14.get(Unknown Source)
at pageObjects.PlanPage.inspireMe(PlanPage.java:26)
at pageObjects.MainPage.createNewFlexibleThemeTripByCategory(MainPage.java:463)
at tests.CreateNewFlexibleTripByRecreationCategory.createNewFlexibleTripByRecreationCategory(CreateNewFlexibleTripByRecreationCategory.java:11)
at java.base/java.util.ArrayList.forEach(ArrayList.java:1511)
... Removed 34 stack frames]]>
    </failure>
  </testcase> <!-- createNewFlexibleTripByRecreationCategory -->
  <testcase classname="tests.CreateNewFlexibleFamilyTrip" name="createNewFlexibleFamilyTrip" time="59.215"/>
  <testcase classname="tests.CreateNewFlexibleTripByRunningCategory" name="createNewFlexibleTripByRunningCategory" time="31.952"/>
  <testcase classname="tests.CreateNewFlexibleTripByThemeParksCategory" name="createNewFlexibleTripByThemeParksCategory" time="30.968"/>
  <testcase classname="tests.CreateNewFlexibleNatureTrip" name="createNewFlexibleNatureTrip" time="49.684"/>
  <testcase classname="tests.CreateNewFlexibleTripByIslandsAndBeachesCategory" name="createNewFlexibleTripByIslandsAndBeachesCategory" time="35.76"/>
  <testcase classname="tests.CreateNewFlexibleRomanticTrip" name="createNewFlexibleRomanticTrip" time="54.879"/>
  <testcase classname="tests.CreateNewFlexibleThemeTrip" name="createNewFlexibleThemeTrip" time="63.247"/>
  <testcase classname="tests.OpenLinksTest" name="tc1_openDestinationsTest" time="3.166"/>
  <testcase classname="tests.OpenLinksTest" name="tc2_openmMyTripsTest" time="6.158"/>
  <testcase classname="tests.OpenLinksTest" name="tc3_openCovidAssistTest" time="3.17"/>
  <testcase classname="tests.OpenLinksTest" name="tc4_openServiceHotelTest" time="3.702"/>
  <testcase classname="tests.OpenLinksTest" name="tc5_openServiceFlightsTest" time="4.193"/>
  <testcase classname="tests.OpenLinksTest" name="tc6_openServiceExperiencesTest" time="5.651"/>
  <testcase classname="tests.OpenLinksTest" name="tc7_openServiceInsuranceTest" time="2.015"/>
  <testcase classname="tests.OpenLinksTest" name="tc8_openServiceCarRentalTest" time="3.073"/>
  <testcase classname="tests.CreateNewFlexibleTripTest" name="createNewFlexibleTrip" time="116.456">
    <failure type="org.openqa.selenium.NoSuchElementException" message="no such element: Unable to locate element: {&amp;quot;method&amp;quot;:&amp;quot;css selector&amp;quot;,&amp;quot;selector&amp;quot;:&amp;quot;[class=&amp;apos;btn-dark-blue btn&amp;apos;]&amp;quot;}
  (Session info: chrome=102.0.5005.63)
For documentation on this error, please visit: https://selenium.dev/exceptions/#no_such_element
Build info: version: &amp;apos;4.1.4&amp;apos;, revision: &amp;apos;535d840ee2&amp;apos;
System info: host: &amp;apos;RAZ_VARDI&amp;apos;, ip: &amp;apos;192.168.1.19&amp;apos;, os.name: &amp;apos;Windows 11&amp;apos;, os.arch: &amp;apos;amd64&amp;apos;, os.version: &amp;apos;10.0&amp;apos;, java.version: &amp;apos;17.0.2&amp;apos;
Driver info: org.openqa.selenium.chrome.ChromeDriver
Command: [52ea2e5a2fb47df4789380a6327ecb78, findElement {using=css selector, value=[class=&amp;apos;btn-dark-blue btn&amp;apos;]}]
Capabilities {acceptInsecureCerts: false, browserName: chrome, browserVersion: 102.0.5005.63, chrome: {chromedriverVersion: 102.0.5005.61 (0e59bcc00cc4..., userDataDir: C:\Users\RAZVAR~1\AppData\L...}, goog:chromeOptions: {debuggerAddress: localhost:60811}, javascriptEnabled: true, networkConnectionEnabled: false, pageLoadStrategy: normal, platform: WINDOWS, platformName: WINDOWS, proxy: Proxy(), se:cdp: ws://localhost:60811/devtoo..., se:cdpVersion: 102.0.5005.63, setWindowRect: true, strictFileInteractability: false, timeouts: {implicit: 0, pageLoad: 300000, script: 30000}, unhandledPromptBehavior: dismiss and notify, webauthn:extension:credBlob: true, webauthn:extension:largeBlob: true, webauthn:virtualAuthenticators: true}
Session ID: 52ea2e5a2fb47df4789380a6327ecb78">
      <![CDATA[org.openqa.selenium.NoSuchElementException: no such element: Unable to locate element: {"method":"css selector","selector":"[class='btn-dark-blue btn']"}
  (Session info: chrome=102.0.5005.63)
For documentation on this error, please visit: https://selenium.dev/exceptions/#no_such_element
Build info: version: '4.1.4', revision: '535d840ee2'
System info: host: 'RAZ_VARDI', ip: '192.168.1.19', os.name: 'Windows 11', os.arch: 'amd64', os.version: '10.0', java.version: '17.0.2'
Driver info: org.openqa.selenium.chrome.ChromeDriver
Command: [52ea2e5a2fb47df4789380a6327ecb78, findElement {using=css selector, value=[class='btn-dark-blue btn']}]
Capabilities {acceptInsecureCerts: false, browserName: chrome, browserVersion: 102.0.5005.63, chrome: {chromedriverVersion: 102.0.5005.61 (0e59bcc00cc4..., userDataDir: C:\Users\RAZVAR~1\AppData\L...}, goog:chromeOptions: {debuggerAddress: localhost:60811}, javascriptEnabled: true, networkConnectionEnabled: false, pageLoadStrategy: normal, platform: WINDOWS, platformName: WINDOWS, proxy: Proxy(), se:cdp: ws://localhost:60811/devtoo..., se:cdpVersion: 102.0.5005.63, setWindowRect: true, strictFileInteractability: false, timeouts: {implicit: 0, pageLoad: 300000, script: 30000}, unhandledPromptBehavior: dismiss and notify, webauthn:extension:credBlob: true, webauthn:extension:largeBlob: true, webauthn:virtualAuthenticators: true}
Session ID: 52ea2e5a2fb47df4789380a6327ecb78
at org.openqa.selenium.remote.codec.w3c.W3CHttpResponseCodec.createException(W3CHttpResponseCodec.java:200)
at org.openqa.selenium.remote.codec.w3c.W3CHttpResponseCodec.decode(W3CHttpResponseCodec.java:133)
at org.openqa.selenium.remote.codec.w3c.W3CHttpResponseCodec.decode(W3CHttpResponseCodec.java:53)
at org.openqa.selenium.remote.HttpCommandExecutor.execute(HttpCommandExecutor.java:184)
at org.openqa.selenium.remote.service.DriverCommandExecutor.invokeExecute(DriverCommandExecutor.java:167)
at org.openqa.selenium.remote.service.DriverCommandExecutor.execute(DriverCommandExecutor.java:142)
at org.openqa.selenium.remote.RemoteWebDriver.execute(RemoteWebDriver.java:567)
at org.openqa.selenium.remote.ElementLocation$ElementFinder$2.findElement(ElementLocation.java:162)
at org.openqa.selenium.remote.ElementLocation.findElement(ElementLocation.java:60)
at org.openqa.selenium.remote.RemoteWebDriver.findElement(RemoteWebDriver.java:385)
at org.openqa.selenium.remote.RemoteWebDriver.findElement(RemoteWebDriver.java:377)
at org.openqa.selenium.support.pagefactory.DefaultElementLocator.findElement(DefaultElementLocator.java:70)
at org.openqa.selenium.support.pagefactory.internal.LocatingElementHandler.invoke(LocatingElementHandler.java:39)
at jdk.proxy2/jdk.proxy2.$Proxy13.getAttribute(Unknown Source)
at pageObjects.BasePage.highlightElement(BasePage.java:51)
at pageObjects.BasePage.click(BasePage.java:29)
at pageObjects.MainPage.createNewFlexibleTrip(MainPage.java:269)
at tests.CreateNewFlexibleTripTest.createNewFlexibleTrip(CreateNewFlexibleTripTest.java:10)
at java.base/java.util.ArrayList.forEach(ArrayList.java:1511)
... Removed 36 stack frames]]>
    </failure>
  </testcase> <!-- createNewFlexibleTrip -->
  <testcase classname="tests.CreateNewFlexibleTripByVacationCategory" name="createNewFlexibleTripByVacationCategory" time="68.364"/>
  <testcase classname="tests.CreateNewFlexibleTripByWineAndGastronomyCategory" name="createNewFlexibleTripByWineAndGastronomyCategory" time="49.984"/>
  <testcase classname="tests.CreateNewFlexibleTripByMountainsAndForestsCategory" name="createNewFlexibleTripByMountainsAndForestsCategory" time="5.12">
    <failure type="java.lang.IndexOutOfBoundsException" message="Index 1 out of bounds for length 0">
      <![CDATA[java.lang.IndexOutOfBoundsException: Index 1 out of bounds for length 0
at java.base/jdk.internal.util.Preconditions.outOfBounds(Preconditions.java:64)
at java.base/jdk.internal.util.Preconditions.outOfBoundsCheckIndex(Preconditions.java:70)
at java.base/jdk.internal.util.Preconditions.checkIndex(Preconditions.java:266)
at java.base/java.util.Objects.checkIndex(Objects.java:359)
at java.base/java.util.ArrayList.get(ArrayList.java:427)
at org.openqa.selenium.support.pagefactory.internal.LocatingElementListHandler.invoke(LocatingElementListHandler.java:40)
at jdk.proxy2/jdk.proxy2.$Proxy14.get(Unknown Source)
at pageObjects.PlanPage.inspireMe(PlanPage.java:26)
at pageObjects.MainPage.createNewFlexibleNatureTripByCategory(MainPage.java:442)
at tests.CreateNewFlexibleTripByMountainsAndForestsCategory.createNewFlexibleTripByMountainsAndForestsCategory(CreateNewFlexibleTripByMountainsAndForestsCategory.java:11)
at java.base/java.util.ArrayList.forEach(ArrayList.java:1511)
... Removed 34 stack frames]]>
    </failure>
  </testcase> <!-- createNewFlexibleTripByMountainsAndForestsCategory -->
  <testcase classname="tests.CreateNewFlexibleTripByExtendedFamilyCategory" name="createNewFlexibleTripByExtendedFamilyCategory" time="70.456"/>
  <testcase classname="tests.CreateNewFlexibleBusinessTrip" name="createNewFlexibleBusinessTrip" time="44.071"/>
  <testcase classname="tests.CreateTripByDestinationOnlyTest" name="createTripByDestinationOnly" time="72.737"/>
  <testcase classname="tests.CreateNewFlexibleSportTrip" name="createNewFlexibleSportTrip" time="31.755"/>
  <testcase classname="tests.CreateNewFlexibleTripByLeisureCategory" name="createNewFlexibleTripByLeisureCategory" time="38.596"/>
  <testcase classname="tests.CreateNewFlexibleTripByBirthdayCategory" name="createNewFlexibleTripByBirthdayCategory" time="68.43"/>
  <testcase classname="tests.CreateNewFlexibleTripByTennisCategory" name="createNewFlexibleTripByTennisCategory" time="38.169"/>
  <testcase classname="tests.OpenExistingTrip" name="openExistingTrip" time="11.407"/>
  <testcase classname="tests.CreateNewFlexibleTripByAnnualCategory" name="createNewFlexibleTripByAnnualCategory" time="38.491"/>
</testsuite> <!-- Test -->
