<?xml version="1.0" encoding="UTF-8"?>
<testng-results ignored="0" total="1" passed="1" failed="0" skipped="0">
  <reporter-output>
  </reporter-output>
  <suite started-at="2022-06-20T17:05:39 IDT" name="Default suite" finished-at="2022-06-20T17:06:15 IDT" duration-ms="35621">
    <groups>
    </groups>
    <test started-at="2022-06-20T17:05:39 IDT" name="Default test" finished-at="2022-06-20T17:06:15 IDT" duration-ms="35621">
      <class name="tests.DeleteMyTrip">
        <test-method is-config="true" signature="setup(org.testng.ITestContext)[pri:0, instance:tests.DeleteMyTrip@2bfbffb2]" started-at="2022-06-20T17:05:39 IDT" name="setup" finished-at="2022-06-20T17:05:51 IDT" duration-ms="11760" status="PASS">
          <params>
            <param index="0">
              <value>
                <![CDATA[org.testng.TestRunner@9a74a93]]>
              </value>
            </param>
          </params>
          <reporter-output>
          </reporter-output>
        </test-method> <!-- setup -->
        <test-method is-config="true" signature="setup()[pri:0, instance:tests.DeleteMyTrip@2bfbffb2]" started-at="2022-06-20T17:05:51 IDT" name="setup" finished-at="2022-06-20T17:05:58 IDT" duration-ms="6802" status="PASS">
          <reporter-output>
          </reporter-output>
        </test-method> <!-- setup -->
        <test-method signature="deleteMyTrip()[pri:0, instance:tests.DeleteMyTrip@2bfbffb2]" started-at="2022-06-20T17:05:58 IDT" name="deleteMyTrip" description="Delete trip by name" finished-at="2022-06-20T17:06:09 IDT" duration-ms="11673" status="PASS">
          <reporter-output>
          </reporter-output>
        </test-method> <!-- deleteMyTrip -->
        <test-method is-config="true" signature="tearDown()[pri:0, instance:tests.DeleteMyTrip@2bfbffb2]" started-at="2022-06-20T17:06:09 IDT" name="tearDown" finished-at="2022-06-20T17:06:15 IDT" duration-ms="5261" status="PASS">
          <reporter-output>
          </reporter-output>
        </test-method> <!-- tearDown -->
      </class> <!-- tests.DeleteMyTrip -->
    </test> <!-- Default test -->
  </suite> <!-- Default suite -->
</testng-results>
